{"synthetic": false,
 "schemaVersion": "2025-09-10",
 "outputs": null,
 "log":
 [{"message": "Documentation indexing", "level": "info"},
  {"message":
   ".> /home/runner/work/AllegroInLean/AllegroInLean/.lake/packages/doc-gen4/.lake/build/bin/doc-gen4 index --build /home/runner/work/AllegroInLean/AllegroInLean/docbuild/.lake/build",
   "level": "trace"}],
 "inputs":
 [["/home/runner/work/AllegroInLean/AllegroInLean/.lake/packages/doc-gen4/.lake/build/bin/doc-gen4",
   "4461da4ee67ae3c1"],
  ["<nil>", "7b9f5ff346c3f45f"],
  ["<collection>",
   [["/home/runner/work/AllegroInLean/AllegroInLean/docbuild/.lake/build/doc/Allegro/Core/System.html",
     "ff6cf06fca6bc406"],
    ["/home/runner/work/AllegroInLean/AllegroInLean/docbuild/.lake/build/doc/Allegro/Core/Display.html",
     "782d8e130ce328f7"],
    ["/home/runner/work/AllegroInLean/AllegroInLean/docbuild/.lake/build/doc/Allegro/Core/Blending.html",
     "589e4094ab09f0c7"],
    ["/home/runner/work/AllegroInLean/AllegroInLean/docbuild/.lake/build/doc/Allegro/Core/Bitmap.html",
     "1b63d15d9116d017"],
    ["/home/runner/work/AllegroInLean/AllegroInLean/docbuild/.lake/build/doc/Allegro/Core/Events.html",
     "ecc6d3dd4256da8b"],
    ["/home/runner/work/AllegroInLean/AllegroInLean/docbuild/.lake/build/doc/Allegro/Core/Input.html",
     "b6a6d218934bfcd7"],
    ["/home/runner/work/AllegroInLean/AllegroInLean/docbuild/.lake/build/doc/Allegro/Core/Timer.html",
     "1c17fcc5ac49d844"],
    ["/home/runner/work/AllegroInLean/AllegroInLean/docbuild/.lake/build/doc/Allegro/Core/Path.html",
     "40bc957cca1cda8c"],
    ["/home/runner/work/AllegroInLean/AllegroInLean/docbuild/.lake/build/doc/Allegro/Core/Ustr.html",
     "a92275dc5f78e2df"],
    ["/home/runner/work/AllegroInLean/AllegroInLean/docbuild/.lake/build/doc/Allegro/Core/Transforms.html",
     "c0ef9651bdf80f8a"],
    ["/home/runner/work/AllegroInLean/AllegroInLean/docbuild/.lake/build/doc/Allegro/Core/Joystick.html",
     "c77e8f5e6ded58c4"],
    ["/home/runner/work/AllegroInLean/AllegroInLean/docbuild/.lake/build/doc/Allegro/Core/Touch.html",
     "c17ad75d6365d0d2"],
    ["/home/runner/work/AllegroInLean/AllegroInLean/docbuild/.lake/build/doc/Allegro/Core/Config.html",
     "5872c7e0e4e17ac9"],
    ["/home/runner/work/AllegroInLean/AllegroInLean/docbuild/.lake/build/doc/Allegro/Core/Thread.html",
     "6f9277efe12883ae"],
    ["/home/runner/work/AllegroInLean/AllegroInLean/docbuild/.lake/build/doc/Allegro/Core/File.html",
     "5fc8a7b9fc4ef932"],
    ["/home/runner/work/AllegroInLean/AllegroInLean/docbuild/.lake/build/doc/Allegro/Core/Filesystem.html",
     "907ecf684d4aaed4"],
    ["/home/runner/work/AllegroInLean/AllegroInLean/docbuild/.lake/build/doc/Allegro/Core/Shader.html",
     "de19fd4aec5e3580"],
    ["/home/runner/work/AllegroInLean/AllegroInLean/docbuild/.lake/build/doc/Allegro/Core/Haptic.html",
     "2cdca749c9da2fb7"],
    ["/home/runner/work/AllegroInLean/AllegroInLean/docbuild/.lake/build/doc/Allegro/Core.html",
     "1fb75039255933d5"],
    ["/home/runner/work/AllegroInLean/AllegroInLean/docbuild/.lake/build/doc/Allegro/Addons/Image.html",
     "e7978f884fe13e49"],
    ["/home/runner/work/AllegroInLean/AllegroInLean/docbuild/.lake/build/doc/Allegro/Addons/Font.html",
     "f4800ef78ece10b4"],
    ["/home/runner/work/AllegroInLean/AllegroInLean/docbuild/.lake/build/doc/Allegro/Addons/Ttf.html",
     "e68c5ef1694a4330"],
    ["/home/runner/work/AllegroInLean/AllegroInLean/docbuild/.lake/build/doc/Allegro/Addons/Primitives.html",
     "65562c7d471b0e5f"],
    ["/home/runner/work/AllegroInLean/AllegroInLean/docbuild/.lake/build/doc/Allegro/Addons/Audio.html",
     "6a3545a367062bb6"],
    ["/home/runner/work/AllegroInLean/AllegroInLean/docbuild/.lake/build/doc/Allegro/Addons/Color.html",
     "f7d9d9925bb14ddc"],
    ["/home/runner/work/AllegroInLean/AllegroInLean/docbuild/.lake/build/doc/Allegro/Addons/NativeDialog.html",
     "4225c701ab093f16"],
    ["/home/runner/work/AllegroInLean/AllegroInLean/docbuild/.lake/build/doc/Allegro/Addons/Video.html",
     "10ddf144f2a1b904"],
    ["/home/runner/work/AllegroInLean/AllegroInLean/docbuild/.lake/build/doc/Allegro/Addons/Memfile.html",
     "fc962f372cc43cf5"],
    ["/home/runner/work/AllegroInLean/AllegroInLean/docbuild/.lake/build/doc/Allegro/Addons.html",
     "668f225edff4e3d6"],
    ["/home/runner/work/AllegroInLean/AllegroInLean/docbuild/.lake/build/doc/Allegro/Resource.html",
     "5bf840706c056aab"],
    ["/home/runner/work/AllegroInLean/AllegroInLean/docbuild/.lake/build/doc/Allegro/Compat.html",
     "514caf63b5f154d5"],
    ["/home/runner/work/AllegroInLean/AllegroInLean/docbuild/.lake/build/doc/Allegro.html",
     "b601caa5bfd2ac41"]]]],
 "depHash": "1f6891b08eb942c7"}