{"synthetic": false,
 "schemaVersion": "2025-09-10",
 "outputs": null,
 "log":
 [{"message":
   ".> ELAN=elan ELAN_HOME=/home/runner/.elan ELAN_TOOLCHAIN=leanprover/lean4:v4.27.0 LAKE=/home/runner/.elan/toolchains/leanprover--lean4---v4.27.0/bin/lake LAKE_HOME=/home/runner/.elan/toolchains/leanprover--lean4---v4.27.0 LAKE_PKG_URL_MAP={} LAKE_NO_CACHE=false LAKE_ARTIFACT_CACHE=false LAKE_CACHE_KEY= LAKE_CACHE_ARTIFACT_ENDPOINT= LAKE_CACHE_REVISION_ENDPOINT= LEAN=/home/runner/.elan/toolchains/leanprover--lean4---v4.27.0/bin/lean LEAN_SYSROOT=/home/runner/.elan/toolchains/leanprover--lean4---v4.27.0 LEAN_AR=/home/runner/.elan/toolchains/leanprover--lean4---v4.27.0/bin/llvm-ar LEAN_CC= LAKE_CACHE_DIR=/home/runner/.elan/toolchains/leanprover--lean4---v4.27.0/lake/cache LEAN_PATH=/home/runner/work/AllegroInLean/AllegroInLean/.lake/packages/MD4Lean/.lake/build/lib/lean:/home/runner/work/AllegroInLean/AllegroInLean/.lake/packages/BibtexQuery/.lake/build/lib/lean:/home/runner/work/AllegroInLean/AllegroInLean/.lake/packages/UnicodeBasic/.lake/build/lib/lean:/home/runner/work/AllegroInLean/AllegroInLean/.lake/packages/Cli/.lake/build/lib/lean:/home/runner/work/AllegroInLean/AllegroInLean/.lake/build/lib/lean:/home/runner/work/AllegroInLean/AllegroInLean/.lake/packages/doc-gen4/.lake/build/lib/lean:/home/runner/work/AllegroInLean/AllegroInLean/docbuild/.lake/build/lib/lean:/home/runner/.elan/toolchains/leanprover--lean4---v4.27.0/lib/lean LEAN_SRC_PATH=/home/runner/work/AllegroInLean/AllegroInLean/.lake/packages/MD4Lean:/home/runner/work/AllegroInLean/AllegroInLean/.lake/packages/MD4Lean:/home/runner/work/AllegroInLean/AllegroInLean/.lake/packages/BibtexQuery:/home/runner/work/AllegroInLean/AllegroInLean/.lake/packages/UnicodeBasic:/home/runner/work/AllegroInLean/AllegroInLean/.lake/packages/UnicodeBasic:/home/runner/work/AllegroInLean/AllegroInLean/.lake/packages/Cli:/home/runner/work/AllegroInLean/AllegroInLean/.lake/packages/Cli:/home/runner/work/AllegroInLean/AllegroInLean/src:/home/runner/work/AllegroInLean/AllegroInLean/tests:/home/runner/work/AllegroInLean/AllegroInLean/.lake/packages/doc-gen4:/home/runner/.elan/toolchains/leanprover--lean4---v4.27.0/src/lean/lake LEAN_GITHASH=db93fe1608548721853390a10cd40580fe7d22ae PATH LD_LIBRARY_PATH=/home/runner/.elan/toolchains/leanprover--lean4---v4.27.0/lib/lean:/home/runner/.elan/toolchains/leanprover--lean4---v4.27.0/lib:/home/runner/work/AllegroInLean/AllegroInLean/docbuild/.lake/build/lib:/home/runner/work/AllegroInLean/AllegroInLean/.lake/packages/doc-gen4/.lake/build/lib:/home/runner/work/AllegroInLean/AllegroInLean/.lake/build/lib:/home/runner/work/AllegroInLean/AllegroInLean/.lake/packages/Cli/.lake/build/lib:/home/runner/work/AllegroInLean/AllegroInLean/.lake/packages/UnicodeBasic/.lake/build/lib:/home/runner/work/AllegroInLean/AllegroInLean/.lake/packages/BibtexQuery/.lake/build/lib:/home/runner/work/AllegroInLean/AllegroInLean/.lake/packages/MD4Lean/.lake/build/lib /home/runner/work/AllegroInLean/AllegroInLean/.lake/packages/doc-gen4/.lake/build/bin/doc-gen4 single --build /home/runner/work/AllegroInLean/AllegroInLean/docbuild/.lake/build Allegro.Core https://github.com/pawelsberg/AllegroInLean/blob/578502b18869867b1ef5acb178bc5e1e81081609/src/Allegro/Core.lean",
   "level": "trace"}],
 "inputs":
 [["<collection>",
   [["/home/runner/work/AllegroInLean/AllegroInLean/docbuild/.lake/build/doc/Allegro/Core/System.html",
     "5d8234da5c1ea1dd"],
    ["/home/runner/work/AllegroInLean/AllegroInLean/docbuild/.lake/build/doc/Allegro/Core/Display.html",
     "04de9a97fa963fba"],
    ["/home/runner/work/AllegroInLean/AllegroInLean/docbuild/.lake/build/doc/Allegro/Core/Bitmap.html",
     "ef9bdbc343860834"],
    ["/home/runner/work/AllegroInLean/AllegroInLean/docbuild/.lake/build/doc/Allegro/Core/Events.html",
     "89f5f472d4aaf385"],
    ["/home/runner/work/AllegroInLean/AllegroInLean/docbuild/.lake/build/doc/Allegro/Core/Input.html",
     "38effa49873df0db"],
    ["/home/runner/work/AllegroInLean/AllegroInLean/docbuild/.lake/build/doc/Allegro/Core/Timer.html",
     "aeab4c524fc7c30a"],
    ["/home/runner/work/AllegroInLean/AllegroInLean/docbuild/.lake/build/doc/Allegro/Core/Path.html",
     "43ac34e74105390c"],
    ["/home/runner/work/AllegroInLean/AllegroInLean/docbuild/.lake/build/doc/Allegro/Core/Ustr.html",
     "0a4119e0ab881c05"],
    ["/home/runner/work/AllegroInLean/AllegroInLean/docbuild/.lake/build/doc/Allegro/Core/Transforms.html",
     "c32b80136124df73"],
    ["/home/runner/work/AllegroInLean/AllegroInLean/docbuild/.lake/build/doc/Allegro/Core/Blending.html",
     "7ac1a9b1e562477a"],
    ["/home/runner/work/AllegroInLean/AllegroInLean/docbuild/.lake/build/doc/Allegro/Core/Joystick.html",
     "43e88b898872e475"],
    ["/home/runner/work/AllegroInLean/AllegroInLean/docbuild/.lake/build/doc/Allegro/Core/Touch.html",
     "a6d11cc179fc5de1"],
    ["/home/runner/work/AllegroInLean/AllegroInLean/docbuild/.lake/build/doc/Allegro/Core/Config.html",
     "19ce659cb66aeb94"],
    ["/home/runner/work/AllegroInLean/AllegroInLean/docbuild/.lake/build/doc/Allegro/Core/Thread.html",
     "d6a04f70f7ef230b"],
    ["/home/runner/work/AllegroInLean/AllegroInLean/docbuild/.lake/build/doc/Allegro/Core/File.html",
     "bc3422a0d2147ec0"],
    ["/home/runner/work/AllegroInLean/AllegroInLean/docbuild/.lake/build/doc/Allegro/Core/Filesystem.html",
     "e2ddb31f89dca626"],
    ["/home/runner/work/AllegroInLean/AllegroInLean/docbuild/.lake/build/doc/Allegro/Core/Shader.html",
     "053ac5a58fac947a"],
    ["/home/runner/work/AllegroInLean/AllegroInLean/docbuild/.lake/build/doc/Allegro/Core/Haptic.html",
     "8e4ee8a1fa077e0a"]]],
  ["/home/runner/work/AllegroInLean/AllegroInLean/docbuild/.lake/build/doc-data/references.json",
   "a50f2257f35adb49"],
  ["/home/runner/work/AllegroInLean/AllegroInLean/.lake/packages/doc-gen4/.lake/build/bin/doc-gen4",
   "4461da4ee67ae3c1"],
  ["Allegro.Core:leanArts", "940753b9a0f1f888"]],
 "depHash": "b8353861dde9c5ae"}